<?xml version="1.0" encoding="UTF-8"?>
<coverage generated="1788364952">
  <project timestamp="1788364952">
    <file name="/home/runner/work/date-format-rule-guardian/date-format-rule-guardian/src/DateFormatRuleGuardian.php">
      <class name="Aegisora\RuleGuardians\DateFormatRule\DateFormatRuleGuardian" namespace="global">
        <metrics complexity="3" methods="3" coveredmethods="3" conditionals="0" coveredconditionals="0" statements="3" coveredstatements="3" elements="6" coveredelements="6"/>
      </class>
      <line num="16" type="method" name="__construct" visibility="public" complexity="1" crap="1" count="47"/>
      <line num="19" type="stmt" count="47"/>
      <line num="28" type="method" name="checkWithoutDateTimezone" visibility="public" complexity="1" crap="1" count="42"/>
      <line num="33" type="stmt" count="42"/>
      <line num="42" type="method" name="checkWithDateTimezone" visibility="public" complexity="1" crap="1" count="5"/>
      <line num="48" type="stmt" count="5"/>
      <metrics loc="51" ncloc="39" classes="1" methods="3" coveredmethods="3" conditionals="0" coveredconditionals="0" statements="3" coveredstatements="3" elements="6" coveredelements="6"/>
    </file>
    <metrics files="1" loc="51" ncloc="39" classes="1" methods="3" coveredmethods="3" conditionals="0" coveredconditionals="0" statements="3" coveredstatements="3" elements="6" coveredelements="6"/>
  </project>
</coverage>
